d:\data utilisateur\bureau\cours stan\2eme annee\c++\qtguiapplication1\ppe3\x64\debug\main.obj
d:\data utilisateur\bureau\cours stan\2eme annee\c++\qtguiapplication1\ppe3\x64\debug\gestion_mat_view.obj
d:\data utilisateur\bureau\cours stan\2eme annee\c++\qtguiapplication1\ppe3\x64\debug\moc_reservation.obj
d:\data utilisateur\bureau\cours stan\2eme annee\c++\qtguiapplication1\ppe3\x64\debug\billingtabwidget.obj
d:\data utilisateur\bureau\cours stan\2eme annee\c++\qtguiapplication1\ppe3\x64\debug\qrc_pp3.obj
d:\data utilisateur\bureau\cours stan\2eme annee\c++\qtguiapplication1\ppe3\x64\debug\moc_accueil.obj
d:\data utilisateur\bureau\cours stan\2eme annee\c++\qtguiapplication1\ppe3\x64\debug\moc_gestion_mat_view.obj
d:\data utilisateur\bureau\cours stan\2eme annee\c++\qtguiapplication1\ppe3\x64\debug\reservation.obj
d:\data utilisateur\bureau\cours stan\2eme annee\c++\qtguiapplication1\ppe3\x64\debug\moc_visualisation.obj
d:\data utilisateur\bureau\cours stan\2eme annee\c++\qtguiapplication1\ppe3\x64\debug\visualisation.obj
d:\data utilisateur\bureau\cours stan\2eme annee\c++\qtguiapplication1\ppe3\x64\debug\moc_pp3.obj
d:\data utilisateur\bureau\cours stan\2eme annee\c++\qtguiapplication1\ppe3\x64\debug\accueil.obj
d:\data utilisateur\bureau\cours stan\2eme annee\c++\qtguiapplication1\ppe3\x64\debug\pp3.obj
d:\data utilisateur\bureau\cours stan\2eme annee\c++\qtguiapplication1\ppe3\x64\debug\moc_billingtabwidget.obj
d:\data utilisateur\bureau\cours stan\2eme annee\c++\qtguiapplication1\ppe3\x64\debug\vc141.pdb
d:\data utilisateur\bureau\cours stan\2eme annee\c++\qtguiapplication1\ppe3\.\generatedfiles\debug\moc_accueil.cpp
d:\data utilisateur\bureau\cours stan\2eme annee\c++\qtguiapplication1\ppe3\.\generatedfiles\debug\moc_gestion_mat_view.cpp
d:\data utilisateur\bureau\cours stan\2eme annee\c++\qtguiapplication1\ppe3\.\generatedfiles\debug\moc_pp3.cpp
d:\data utilisateur\bureau\cours stan\2eme annee\c++\qtguiapplication1\ppe3\.\generatedfiles\debug\moc_reservation.cpp
d:\data utilisateur\bureau\cours stan\2eme annee\c++\qtguiapplication1\ppe3\.\generatedfiles\debug\moc_visualisation.cpp
d:\data utilisateur\bureau\cours stan\2eme annee\c++\qtguiapplication1\ppe3\.\generatedfiles\debug\moc_billingtabwidget.cpp
d:\data utilisateur\bureau\cours stan\2eme annee\c++\qtguiapplication1\ppe3\generatedfiles\ui_billingtabwidget.h
d:\data utilisateur\bureau\cours stan\2eme annee\c++\qtguiapplication1\ppe3\generatedfiles\ui_accueil.h
d:\data utilisateur\bureau\cours stan\2eme annee\c++\qtguiapplication1\ppe3\generatedfiles\ui_gestion_mat_view.h
d:\data utilisateur\bureau\cours stan\2eme annee\c++\qtguiapplication1\ppe3\generatedfiles\ui_login.h
d:\data utilisateur\bureau\cours stan\2eme annee\c++\qtguiapplication1\ppe3\generatedfiles\ui_pp3.h
d:\data utilisateur\bureau\cours stan\2eme annee\c++\qtguiapplication1\ppe3\generatedfiles\ui_reservation.h
d:\data utilisateur\bureau\cours stan\2eme annee\c++\qtguiapplication1\ppe3\generatedfiles\ui_visualisation.h
d:\data utilisateur\bureau\cours stan\2eme annee\c++\qtguiapplication1\ppe3\generatedfiles\qrc_pp3.cpp
d:\data utilisateur\bureau\cours stan\2eme annee\c++\qtguiapplication1\ppe3\generatedfiles\debug\moc_accueil.cpp
d:\data utilisateur\bureau\cours stan\2eme annee\c++\qtguiapplication1\ppe3\generatedfiles\debug\moc_gestion_mat_view.cpp
d:\data utilisateur\bureau\cours stan\2eme annee\c++\qtguiapplication1\ppe3\generatedfiles\debug\moc_pp3.cpp
d:\data utilisateur\bureau\cours stan\2eme annee\c++\qtguiapplication1\ppe3\generatedfiles\debug\moc_reservation.cpp
d:\data utilisateur\bureau\cours stan\2eme annee\c++\qtguiapplication1\ppe3\generatedfiles\debug\moc_visualisation.cpp
d:\data utilisateur\bureau\cours stan\2eme annee\c++\qtguiapplication1\ppe3\generatedfiles\debug\moc_billingtabwidget.cpp
d:\data utilisateur\bureau\cours stan\2eme annee\c++\qtguiapplication1\ppe3\.\generatedfiles\qrc_pp3.cpp
d:\data utilisateur\bureau\cours stan\2eme annee\c++\qtguiapplication1\ppe3\.\generatedfiles\ui_billingtabwidget.h
d:\data utilisateur\bureau\cours stan\2eme annee\c++\qtguiapplication1\ppe3\.\generatedfiles\ui_accueil.h
d:\data utilisateur\bureau\cours stan\2eme annee\c++\qtguiapplication1\ppe3\.\generatedfiles\ui_gestion_mat_view.h
d:\data utilisateur\bureau\cours stan\2eme annee\c++\qtguiapplication1\ppe3\.\generatedfiles\ui_login.h
d:\data utilisateur\bureau\cours stan\2eme annee\c++\qtguiapplication1\ppe3\.\generatedfiles\ui_pp3.h
d:\data utilisateur\bureau\cours stan\2eme annee\c++\qtguiapplication1\ppe3\.\generatedfiles\ui_reservation.h
d:\data utilisateur\bureau\cours stan\2eme annee\c++\qtguiapplication1\ppe3\.\generatedfiles\ui_visualisation.h
d:\data utilisateur\bureau\cours stan\2eme annee\c++\qtguiapplication1\x64\debug\ppeqt.pdb
d:\data utilisateur\bureau\cours stan\2eme annee\c++\qtguiapplication1\ppe3\x64\debug\ppeqt.tlog\cl.10288.write.1.tlog
d:\data utilisateur\bureau\cours stan\2eme annee\c++\qtguiapplication1\ppe3\x64\debug\ppeqt.tlog\cl.command.1.tlog
d:\data utilisateur\bureau\cours stan\2eme annee\c++\qtguiapplication1\ppe3\x64\debug\ppeqt.tlog\cl.read.1.tlog
d:\data utilisateur\bureau\cours stan\2eme annee\c++\qtguiapplication1\ppe3\x64\debug\ppeqt.tlog\link-cvtres.read.1.tlog
d:\data utilisateur\bureau\cours stan\2eme annee\c++\qtguiapplication1\ppe3\x64\debug\ppeqt.tlog\link-cvtres.write.1.tlog
d:\data utilisateur\bureau\cours stan\2eme annee\c++\qtguiapplication1\ppe3\x64\debug\ppeqt.tlog\link-rc.read.1.tlog
d:\data utilisateur\bureau\cours stan\2eme annee\c++\qtguiapplication1\ppe3\x64\debug\ppeqt.tlog\link-rc.write.1.tlog
d:\data utilisateur\bureau\cours stan\2eme annee\c++\qtguiapplication1\ppe3\x64\debug\ppeqt.tlog\link.command.1.tlog
d:\data utilisateur\bureau\cours stan\2eme annee\c++\qtguiapplication1\ppe3\x64\debug\ppeqt.tlog\link.read.1.tlog
d:\data utilisateur\bureau\cours stan\2eme annee\c++\qtguiapplication1\ppe3\x64\debug\ppeqt.tlog\link.write.1.tlog
d:\data utilisateur\bureau\cours stan\2eme annee\c++\qtguiapplication1\ppe3\x64\debug\ppeqt.tlog\moc.read.1u.tlog
d:\data utilisateur\bureau\cours stan\2eme annee\c++\qtguiapplication1\ppe3\x64\debug\ppeqt.tlog\moc.write.1u.tlog
d:\data utilisateur\bureau\cours stan\2eme annee\c++\qtguiapplication1\ppe3\x64\debug\ppeqt.tlog\ppeqt.write.1u.tlog
d:\data utilisateur\bureau\cours stan\2eme annee\c++\qtguiapplication1\ppe3\x64\debug\ppeqt.tlog\rcc.read.1u.tlog
d:\data utilisateur\bureau\cours stan\2eme annee\c++\qtguiapplication1\ppe3\x64\debug\ppeqt.tlog\rcc.write.1u.tlog
d:\data utilisateur\bureau\cours stan\2eme annee\c++\qtguiapplication1\ppe3\x64\debug\ppeqt.tlog\uic.read.1u.tlog
d:\data utilisateur\bureau\cours stan\2eme annee\c++\qtguiapplication1\ppe3\x64\debug\ppeqt.tlog\uic.write.1u.tlog
